<?xml version="1.0" encoding="UTF-8" ?>
<testsuite tests="1" failures="1" name="ApiTest" time="0.931" errors="0" skipped="0">
  <properties>
[...]
</properties>
  <testcase classname="ApiTest" name="checkResponseTest" time="0.931">
    <failure message="expected:&lt;200&gt; but was:&lt;1&gt;" type="java.lang.AssertionError">java.lang.AssertionError: expected:&lt;200&gt; but was:&lt;1&gt;
	at org.testng.AssertJUnit.fail(AssertJUnit.java:65)
	at org.testng.AssertJUnit.failNotEquals(AssertJUnit.java:468)
	at org.testng.AssertJUnit.assertEquals(AssertJUnit.java:88)
	at org.testng.AssertJUnit.assertEquals(AssertJUnit.java:318)
	at org.testng.AssertJUnit.assertEquals(AssertJUnit.java:328)
	at ApiTest.checkResponseTest(ApiTest.java:12)
</failure>
    <system-out>Configuring TestNG with: org.apache.maven.surefire.testng.conf.TestNG652Configurator@490d6c15
</system-out>
  </testcase>
</testsuite>