<?xml version="1.0" encoding="UTF-8"?>
<!-- Generated by org.testng.reporters.JUnitXMLReporter -->
<testsuite ignored="0" hostname="darkstar" failures="1" tests="1" name="Command line test" time="0.945" errors="0" timestamp="2021-03-17T21:09:44 EET">
  <testcase classname="ApiTest" name="checkResponseTest" time="0.929">
    <failure type="java.lang.AssertionError" message="expected:&amp;lt;200&amp;gt; but was:&amp;lt;1&amp;gt;">
      <![CDATA[java.lang.AssertionError: expected:<200> but was:<1>
at ApiTest.checkResponseTest(ApiTest.java:12)
at java.base/java.util.ArrayList.forEach(ArrayList.java:1541)
... Removed 41 stack frames]]>
    </failure>
  </testcase> <!-- checkResponseTest -->
</testsuite> <!-- Command line test -->
